{
  "stats": {
    "suites": 23,
    "tests": 63,
    "passes": 62,
    "pending": 0,
    "failures": 1,
    "start": "2022-07-04T11:15:28.301Z",
    "end": "2022-07-04T11:17:55.745Z",
    "duration": 69084,
    "testsRegistered": 63,
    "passPercent": 98.41269841269842,
    "pendingPercent": 0,
    "other": 0,
    "hasOther": false,
    "skipped": 0,
    "hasSkipped": false
  },
  "results": [
    {
      "uuid": "0d9e046a-aa19-4871-acd5-234032bd1989",
      "title": "",
      "fullFile": "cypress/integration/automation-test-store/add-multiple-items-to-basket.js",
      "file": "cypress/integration/automation-test-store/add-multiple-items-to-basket.js",
      "beforeHooks": [],
      "afterHooks": [],
      "tests": [],
      "suites": [
        {
          "uuid": "d98c632e-d7a1-4936-9228-e5b0259dad7d",
          "title": "Add multiple items to basket",
          "fullFile": "",
          "file": "",
          "beforeHooks": [],
          "afterHooks": [],
          "tests": [
            {
              "title": "Add specific items to basket",
              "fullTitle": "Add multiple items to basket Add specific items to basket",
              "timedOut": null,
              "duration": 4113,
              "state": "passed",
              "speed": "fast",
              "pass": true,
              "fail": false,
              "pending": false,
              "context": null,
              "code": "autoStore_HairCare_PO.addHairCareProductsToBasket();",
              "err": {},
              "uuid": "bee77529-3f0c-4b5d-ac3c-c8269a4df245",
              "parentUUID": "d98c632e-d7a1-4936-9228-e5b0259dad7d",
              "isHook": false,
              "skipped": false
            }
          ],
          "suites": [],
          "passes": [
            "bee77529-3f0c-4b5d-ac3c-c8269a4df245"
          ],
          "failures": [],
          "pending": [],
          "skipped": [],
          "duration": 4113,
          "root": false,
          "rootEmpty": false,
          "_timeout": 2000
        }
      ],
      "passes": [],
      "failures": [],
      "pending": [],
      "skipped": [],
      "duration": 0,
      "root": true,
      "rootEmpty": true,
      "_timeout": 2000
    },
    {
      "uuid": "7f9afd43-8305-446e-b41e-19ee532ff651",
      "title": "",
      "fullFile": "cypress/integration/automation-test-store/alias-invoke.js",
      "file": "cypress/integration/automation-test-store/alias-invoke.js",
      "beforeHooks": [],
      "afterHooks": [],
      "tests": [],
      "suites": [
        {
          "uuid": "bcc2c49f-b3a7-4b76-94fb-9ae12fe92fbd",
          "title": "Alias ad invoke",
          "fullFile": "",
          "file": "",
          "beforeHooks": [],
          "afterHooks": [],
          "tests": [
            {
              "title": "Calculate total of normal and sale products",
              "fullTitle": "Alias ad invoke Calculate total of normal and sale products",
              "timedOut": null,
              "duration": 2058,
              "state": "passed",
              "speed": "fast",
              "pass": true,
              "fail": false,
              "pending": false,
              "context": null,
              "code": "cy.visit(\"https://www.automationteststore.com/\");\ncy.get('.thumbnail').as('productThumbnail');\ncy.get('@productThumbnail').find('.oneprice').each(($el, index, $list) => {\n  cy.log($el.text());\n});\ncy.get('.thumbnail').find('.oneprice').invoke('text').as('itemPrice');\ncy.get('.thumbnail').find('.pricenew').invoke('text').as('saleItemPrice');\nvar itemsTotal = 0;\ncy.get('@itemPrice').then($linkText => {\n  var itemsPriceTotal = 0;\n  var itemPrice = $linkText.split('$'); //split method remove dollar sign from the string + crate an array with the substring\n  var i;\n  for (i = 0; i < itemPrice.length; i++) {\n    cy.log(itemPrice[i]);\n    itemsPriceTotal += Number(Number(itemPrice[i]));\n  }\n  itemsTotal += itemsPriceTotal;\n  cy.log('Non sale price items total: ' + itemsPriceTotal + ' dollars');\n});\ncy.get('@saleItemPrice').then($linkText => {\n  var saleItemsPrice = 0;\n  var saleItemPrice = $linkText.split('$'); //split method remove dollar sign from the string + crate an array with the substring\n  var i;\n  for (i = 0; i < saleItemPrice.length; i++) {\n    cy.log(saleItemPrice[i]);\n    saleItemsPrice += Number(saleItemPrice[i]);\n  }\n  itemsTotal += saleItemsPrice;\n  cy.log('New sale price items total: ' + saleItemsPrice + ' dollars');\n}).then(() => {\n  cy.log('The total price of all products: ' + itemsTotal + ' dollars');\n  expect(itemsTotal).to.equal(648.5);\n});",
              "err": {},
              "uuid": "ab1f3165-648b-4ed4-874e-ff9e86663283",
              "parentUUID": "bcc2c49f-b3a7-4b76-94fb-9ae12fe92fbd",
              "isHook": false,
              "skipped": false
            }
          ],
          "suites": [],
          "passes": [
            "ab1f3165-648b-4ed4-874e-ff9e86663283"
          ],
          "failures": [],
          "pending": [],
          "skipped": [],
          "duration": 2058,
          "root": false,
          "rootEmpty": false,
          "_timeout": 2000
        }
      ],
      "passes": [],
      "failures": [],
      "pending": [],
      "skipped": [],
      "duration": 0,
      "root": true,
      "rootEmpty": true,
      "_timeout": 2000
    },
    {
      "uuid": "f0c1fe73-48ba-4b0d-a6ec-f256113a8e78",
      "title": "",
      "fullFile": "cypress/integration/automation-test-store/contact-us.js",
      "file": "cypress/integration/automation-test-store/contact-us.js",
      "beforeHooks": [],
      "afterHooks": [],
      "tests": [],
      "suites": [
        {
          "uuid": "ac8fe5a7-1d9c-4ab9-b200-6f5e09f17c19",
          "title": "Test Contact Us form via Automation Test Store",
          "fullFile": "",
          "file": "",
          "beforeHooks": [],
          "afterHooks": [],
          "tests": [
            {
              "title": "Should be able to submit a successful submission via contact us form",
              "fullTitle": "Test Contact Us form via Automation Test Store Should be able to submit a successful submission via contact us form",
              "timedOut": null,
              "duration": 4362,
              "state": "passed",
              "speed": "fast",
              "pass": true,
              "fail": false,
              "pending": false,
              "context": null,
              "code": "cy.visit(\"https://www.automationteststore.com/\"); //.then -> promise\nLoginPage.contactUs.click().then(function (printContactButtonName) {\n  cy.log(\"The name of the button is: \" + printContactButtonName.text());\n}); // cy.get(\"a[href$='contact']\").click().then(function(printContactButtonName) {\n//     cy.log(\"The name of the button is: \" + printContactButtonName.text())\n// });\n// cy.xpath(\"//a[contains(@href, 'contact')]\").click();\n// //cy.get('.info_links_footer > :nth-child(5) > a').click();\ncy.get('@user').then(user => {\n  cy.get('#ContactUsFrm_first_name').type(user.first_name, {\n    sensitive: true\n  });\n  cy.get('#ContactUsFrm_email').type(user.email, {\n    sensitive: true\n  });\n});\ncy.get('#ContactUsFrm_email').should('have.attr', 'name', 'email');\ncy.get('#ContactUsFrm_enquiry').type(\"All is fine! :)\");\ncy.get(\"button[title='Submit']\").click();\ncy.get('.mb40 > :nth-child(3)').should('have.text', 'Your enquiry has been successfully sent to the store owner!');\ncy.log(\"Test has completed\");",
              "err": {},
              "uuid": "82c17f72-2b51-4d1f-bb6e-7a31e49826a1",
              "parentUUID": "ac8fe5a7-1d9c-4ab9-b200-6f5e09f17c19",
              "isHook": false,
              "skipped": false
            }
          ],
          "suites": [],
          "passes": [
            "82c17f72-2b51-4d1f-bb6e-7a31e49826a1"
          ],
          "failures": [],
          "pending": [],
          "skipped": [],
          "duration": 4362,
          "root": false,
          "rootEmpty": false,
          "_timeout": 2000
        }
      ],
      "passes": [],
      "failures": [],
      "pending": [],
      "skipped": [],
      "duration": 0,
      "root": true,
      "rootEmpty": true,
      "_timeout": 2000
    },
    {
      "uuid": "a363e65e-127f-4d4c-935c-30baebd665be",
      "title": "",
      "fullFile": "cypress/integration/automation-test-store/inspect-items.js",
      "file": "cypress/integration/automation-test-store/inspect-items.js",
      "beforeHooks": [],
      "afterHooks": [],
      "tests": [],
      "suites": [
        {
          "uuid": "c173a0de-71d2-4538-a340-f2a80a1f1dff",
          "title": "Inspect Automation Test Store items using chain of commands",
          "fullFile": "",
          "file": "",
          "beforeHooks": [],
          "afterHooks": [],
          "tests": [
            {
              "title": "Click on the first item using index",
              "fullTitle": "Inspect Automation Test Store items using chain of commands Click on the first item using index",
              "timedOut": null,
              "duration": 2675,
              "state": "passed",
              "speed": "fast",
              "pass": true,
              "fail": false,
              "pending": false,
              "context": null,
              "code": "cy.visit(\"https://www.automationteststore.com/\");\ncy.get('.fixed_wrapper').find('.prdocutname').eq(0).click();",
              "err": {},
              "uuid": "fde66fa1-a47f-43d4-a5c4-2fba520653f5",
              "parentUUID": "c173a0de-71d2-4538-a340-f2a80a1f1dff",
              "isHook": false,
              "skipped": false
            }
          ],
          "suites": [],
          "passes": [
            "fde66fa1-a47f-43d4-a5c4-2fba520653f5"
          ],
          "failures": [],
          "pending": [],
          "skipped": [],
          "duration": 2675,
          "root": false,
          "rootEmpty": false,
          "_timeout": 2000
        }
      ],
      "passes": [],
      "failures": [],
      "pending": [],
      "skipped": [],
      "duration": 0,
      "root": true,
      "rootEmpty": true,
      "_timeout": 2000
    },
    {
      "uuid": "bd0b043a-114b-4053-b92c-e0bebeadf642",
      "title": "",
      "fullFile": "cypress/integration/automation-test-store/iterate-over-elements.js",
      "file": "cypress/integration/automation-test-store/iterate-over-elements.js",
      "beforeHooks": [],
      "afterHooks": [],
      "tests": [],
      "suites": [
        {
          "uuid": "64cc7348-e5a9-47d0-9c9f-19f45dbe8531",
          "title": "Iterate over elements",
          "fullFile": "",
          "file": "",
          "beforeHooks": [],
          "afterHooks": [],
          "tests": [
            {
              "title": "Log information of all hair care products",
              "fullTitle": "Iterate over elements Log information of all hair care products",
              "timedOut": null,
              "duration": 2655,
              "state": "passed",
              "speed": "fast",
              "pass": true,
              "fail": false,
              "pending": false,
              "context": null,
              "code": "cy.get('.fixed_wrapper .prdocutname').each(($el, index, $list) => {\n  cy.log(\"Index: \" + index + \" : \" + $el.text());\n});",
              "err": {},
              "uuid": "4e9f2ba6-3f84-48c7-b490-821f8dda8f92",
              "parentUUID": "64cc7348-e5a9-47d0-9c9f-19f45dbe8531",
              "isHook": false,
              "skipped": false
            },
            {
              "title": "Add specific product to basket",
              "fullTitle": "Iterate over elements Add specific product to basket",
              "timedOut": null,
              "duration": 2533,
              "state": "passed",
              "speed": "fast",
              "pass": true,
              "fail": false,
              "pending": false,
              "context": null,
              "code": "cy.selectProduct(\"Curls to straight Shampoo\");",
              "err": {},
              "uuid": "6f62446c-643b-4c89-8e8b-2d866949457b",
              "parentUUID": "64cc7348-e5a9-47d0-9c9f-19f45dbe8531",
              "isHook": false,
              "skipped": false
            },
            {
              "title": "Add another specific product to basket",
              "fullTitle": "Iterate over elements Add another specific product to basket",
              "timedOut": null,
              "duration": 2205,
              "state": "passed",
              "speed": "fast",
              "pass": true,
              "fail": false,
              "pending": false,
              "context": null,
              "code": "cy.selectProduct(\"Seaweed Conditioner\");",
              "err": {},
              "uuid": "f55a9a41-96af-44f1-bf21-90b6808f7428",
              "parentUUID": "64cc7348-e5a9-47d0-9c9f-19f45dbe8531",
              "isHook": false,
              "skipped": false
            },
            {
              "title": "Add another specific product to basket 2",
              "fullTitle": "Iterate over elements Add another specific product to basket 2",
              "timedOut": null,
              "duration": 2332,
              "state": "passed",
              "speed": "fast",
              "pass": true,
              "fail": false,
              "pending": false,
              "context": null,
              "code": "cy.selectProduct(\"Eau Parfumee au The Vert Shampoo\");",
              "err": {},
              "uuid": "baeac0e1-ce2d-46bd-a9ec-7e9e57374884",
              "parentUUID": "64cc7348-e5a9-47d0-9c9f-19f45dbe8531",
              "isHook": false,
              "skipped": false
            }
          ],
          "suites": [],
          "passes": [
            "4e9f2ba6-3f84-48c7-b490-821f8dda8f92",
            "6f62446c-643b-4c89-8e8b-2d866949457b",
            "f55a9a41-96af-44f1-bf21-90b6808f7428",
            "baeac0e1-ce2d-46bd-a9ec-7e9e57374884"
          ],
          "failures": [],
          "pending": [],
          "skipped": [],
          "duration": 9725,
          "root": false,
          "rootEmpty": false,
          "_timeout": 2000
        }
      ],
      "passes": [],
      "failures": [],
      "pending": [],
      "skipped": [],
      "duration": 0,
      "root": true,
      "rootEmpty": true,
      "_timeout": 2000
    },
    {
      "uuid": "9efc8e2a-7df7-4ae5-a1c8-07604c1d12a3",
      "title": "",
      "fullFile": "cypress/integration/automation-test-store/variables-and-cy-commands.js",
      "file": "cypress/integration/automation-test-store/variables-and-cy-commands.js",
      "beforeHooks": [],
      "afterHooks": [],
      "tests": [],
      "suites": [
        {
          "uuid": "a2807af7-0b4d-4ec5-8dfb-ca4c9e17f3e7",
          "title": "Verify variables, cypress commands and jquery commands",
          "fullFile": "",
          "file": "",
          "beforeHooks": [],
          "afterHooks": [],
          "tests": [
            {
              "title": "Valdidate properties of the Contact Us Page",
              "fullTitle": "Verify variables, cypress commands and jquery commands Valdidate properties of the Contact Us Page",
              "timedOut": null,
              "duration": 1106,
              "state": "passed",
              "speed": "fast",
              "pass": true,
              "fail": false,
              "pending": false,
              "context": null,
              "code": "cy.visit(\"https://automationteststore.com/index.php?rt=content/contact\"); //Uses cypress commands and chaining\ncy.contains('#ContactUsFrm', 'Contact Us Form').find('#field_11').should('contain', 'First name:'); //JQuery Approach\ncy.contains('#ContactUsFrm', 'Contact Us Form').then(text => {\n  const firstName = text.find('#field_11').text();\n  expect(firstName).to.contain('First name:'); //pārbaude vai ieraksts ir pareizs\n  //Embedded commands (Closure)\n  cy.get('#field_11').then(fnText => {\n    cy.log(fnText.text());\n    cy.log(fnText);\n  });\n});",
              "err": {},
              "uuid": "b6573b94-589d-49c1-b982-41f188f6e192",
              "parentUUID": "a2807af7-0b4d-4ec5-8dfb-ca4c9e17f3e7",
              "isHook": false,
              "skipped": false
            }
          ],
          "suites": [],
          "passes": [
            "b6573b94-589d-49c1-b982-41f188f6e192"
          ],
          "failures": [],
          "pending": [],
          "skipped": [],
          "duration": 1106,
          "root": false,
          "rootEmpty": false,
          "_timeout": 2000
        }
      ],
      "passes": [],
      "failures": [],
      "pending": [],
      "skipped": [],
      "duration": 0,
      "root": true,
      "rootEmpty": true,
      "_timeout": 2000
    },
    {
      "uuid": "45d1abce-f4ba-46ef-96d6-ac4fb98ab004",
      "title": "",
      "fullFile": "cypress/integration/other/hooks.js",
      "file": "cypress/integration/other/hooks.js",
      "beforeHooks": [],
      "afterHooks": [],
      "tests": [],
      "suites": [
        {
          "uuid": "f8a8a679-c3c9-47a6-a29b-c4bad1ecb4cb",
          "title": "Hooks",
          "fullFile": "",
          "file": "",
          "beforeHooks": [],
          "afterHooks": [],
          "tests": [
            {
              "title": "Example test1",
              "fullTitle": "Hooks Example test1",
              "timedOut": null,
              "duration": 32,
              "state": "passed",
              "speed": "fast",
              "pass": true,
              "fail": false,
              "pending": false,
              "context": null,
              "code": "cy.log('Example test1');",
              "err": {},
              "uuid": "96a6aab2-6505-4b60-94f8-0d5bf59f320f",
              "parentUUID": "f8a8a679-c3c9-47a6-a29b-c4bad1ecb4cb",
              "isHook": false,
              "skipped": false
            },
            {
              "title": "Example test2",
              "fullTitle": "Hooks Example test2",
              "timedOut": null,
              "duration": 20,
              "state": "passed",
              "speed": "fast",
              "pass": true,
              "fail": false,
              "pending": false,
              "context": null,
              "code": "cy.log('Example test2');",
              "err": {},
              "uuid": "65e176a8-77d6-4def-a0ae-6298d24dec69",
              "parentUUID": "f8a8a679-c3c9-47a6-a29b-c4bad1ecb4cb",
              "isHook": false,
              "skipped": false
            }
          ],
          "suites": [],
          "passes": [
            "96a6aab2-6505-4b60-94f8-0d5bf59f320f",
            "65e176a8-77d6-4def-a0ae-6298d24dec69"
          ],
          "failures": [],
          "pending": [],
          "skipped": [],
          "duration": 52,
          "root": false,
          "rootEmpty": false,
          "_timeout": 2000
        }
      ],
      "passes": [],
      "failures": [],
      "pending": [],
      "skipped": [],
      "duration": 0,
      "root": true,
      "rootEmpty": true,
      "_timeout": 2000
    },
    {
      "uuid": "b226fcc1-afd1-4b60-a518-31e8bdd1cb85",
      "title": "",
      "fullFile": "cypress/integration/other/same-origin-policy.js",
      "file": "cypress/integration/other/same-origin-policy.js",
      "beforeHooks": [],
      "afterHooks": [],
      "tests": [],
      "suites": [
        {
          "uuid": "d18bbcc5-a64b-4a3c-8408-1fe805b36511",
          "title": "Cypress web security",
          "fullFile": "",
          "file": "",
          "beforeHooks": [],
          "afterHooks": [],
          "tests": [
            {
              "title": "Validate visiting two different domains",
              "fullTitle": "Cypress web security Validate visiting two different domains",
              "timedOut": null,
              "duration": 1150,
              "state": "failed",
              "speed": null,
              "pass": false,
              "fail": true,
              "pending": false,
              "context": null,
              "code": "cy.visit(\"http://www.webdriveruniversity.com/\");\ncy.visit(\"https://www.automationteststore.com/\");",
              "err": {
                "message": "CypressError: `cy.visit()` failed because you are attempting to visit a URL that is of a different origin.\n\nIn order to visit a different origin, you can enable the `experimentalSessionAndOrigin` flag and use `cy.origin()`:\n\n`cy.visit('http://www.webdriveruniversity.com/')`\n`<commands targeting http://www.webdriveruniversity.com go here>`\n\n`cy.origin('https://automationteststore.com', () => {`\n`  cy.visit('https://www.automationteststore.com/')`\n`  <commands targeting https://www.automationteststore.com go here>`\n`})`\n\nThe new URL is considered a different origin because the following parts of the URL are different:\n\n  > protocol, superdomain\n\nYou may only `cy.visit()` same-origin URLs within a single test.\n\nThe previous URL you visited was:\n\n  > 'http://www.webdriveruniversity.com'\n\nYou're attempting to visit this URL:\n\n  > 'https://www.automationteststore.com'\n\nhttps://on.cypress.io/cannot-visit-different-origin-domain",
                "estack": "CypressError: `cy.visit()` failed because you are attempting to visit a URL that is of a different origin.\n\nIn order to visit a different origin, you can enable the `experimentalSessionAndOrigin` flag and use `cy.origin()`:\n\n`cy.visit('http://www.webdriveruniversity.com/')`\n`<commands targeting http://www.webdriveruniversity.com go here>`\n\n`cy.origin('https://automationteststore.com', () => {`\n`  cy.visit('https://www.automationteststore.com/')`\n`  <commands targeting https://www.automationteststore.com go here>`\n`})`\n\nThe new URL is considered a different origin because the following parts of the URL are different:\n\n  > protocol, superdomain\n\nYou may only `cy.visit()` same-origin URLs within a single test.\n\nThe previous URL you visited was:\n\n  > 'http://www.webdriveruniversity.com'\n\nYou're attempting to visit this URL:\n\n  > 'https://www.automationteststore.com'\n\nhttps://on.cypress.io/cannot-visit-different-origin-domain\n    at cannotVisitDifferentOrigin (http://www.webdriveruniversity.com/__cypress/runner/cypress_runner.js:162498:72)\n    at http://www.webdriveruniversity.com/__cypress/runner/cypress_runner.js:163516:20\n    at tryCatcher (http://www.webdriveruniversity.com/__cypress/runner/cypress_runner.js:13022:23)\n    at Promise._settlePromiseFromHandler (http://www.webdriveruniversity.com/__cypress/runner/cypress_runner.js:10957:31)\n    at Promise._settlePromise (http://www.webdriveruniversity.com/__cypress/runner/cypress_runner.js:11014:18)\n    at Promise._settlePromise0 (http://www.webdriveruniversity.com/__cypress/runner/cypress_runner.js:11059:10)\n    at Promise._settlePromises (http://www.webdriveruniversity.com/__cypress/runner/cypress_runner.js:11139:18)\n    at _drainQueueStep (http://www.webdriveruniversity.com/__cypress/runner/cypress_runner.js:7729:12)\n    at _drainQueue (http://www.webdriveruniversity.com/__cypress/runner/cypress_runner.js:7722:9)\n    at Async.../../node_modules/bluebird/js/release/async.js.Async._drainQueues (http://www.webdriveruniversity.com/__cypress/runner/cypress_runner.js:7738:5)\n    at Async.drainQueues (http://www.webdriveruniversity.com/__cypress/runner/cypress_runner.js:7608:14)\nFrom Your Spec Code:\n    at Context.eval (http://www.webdriveruniversity.com/__cypress/tests?p=cypress/integration/other/same-origin-policy.js:138:8)",
                "diff": null
              },
              "uuid": "afd6092c-9daf-4c6b-b5fa-d2a60922a3f7",
              "parentUUID": "d18bbcc5-a64b-4a3c-8408-1fe805b36511",
              "isHook": false,
              "skipped": false
            },
            {
              "title": "Validate visiting two different domains via user actions",
              "fullTitle": "Cypress web security Validate visiting two different domains via user actions",
              "timedOut": null,
              "duration": 1647,
              "state": "passed",
              "speed": "fast",
              "pass": true,
              "fail": false,
              "pending": false,
              "context": null,
              "code": "cy.visit(\"http://www.webdriveruniversity.com/\");\ncy.get('#automation-test-store').invoke('removeAttr', 'target').click();",
              "err": {},
              "uuid": "28c30d7d-1180-410d-b34a-aa69733484f9",
              "parentUUID": "d18bbcc5-a64b-4a3c-8408-1fe805b36511",
              "isHook": false,
              "skipped": false
            }
          ],
          "suites": [],
          "passes": [
            "28c30d7d-1180-410d-b34a-aa69733484f9"
          ],
          "failures": [
            "afd6092c-9daf-4c6b-b5fa-d2a60922a3f7"
          ],
          "pending": [],
          "skipped": [],
          "duration": 2797,
          "root": false,
          "rootEmpty": false,
          "_timeout": 2000
        }
      ],
      "passes": [],
      "failures": [],
      "pending": [],
      "skipped": [],
      "duration": 0,
      "root": true,
      "rootEmpty": true,
      "_timeout": 2000
    },
    {
      "uuid": "6c9b2c99-e8d2-42b3-83c7-4c475057c966",
      "title": "",
      "fullFile": "cypress/integration/webdriver-uni/autocomplete-dropdown-list.js",
      "file": "cypress/integration/webdriver-uni/autocomplete-dropdown-list.js",
      "beforeHooks": [],
      "afterHooks": [],
      "tests": [],
      "suites": [
        {
          "uuid": "9a4c129b-641c-4da5-b7e1-06b1e28dd08f",
          "title": "Veryfy Autocomplete dropdown lists via webdriveruni",
          "fullFile": "",
          "file": "",
          "beforeHooks": [],
          "afterHooks": [],
          "tests": [
            {
              "title": "Select specific product via autocomplete list",
              "fullTitle": "Veryfy Autocomplete dropdown lists via webdriveruni Select specific product via autocomplete list",
              "timedOut": null,
              "duration": 1826,
              "state": "passed",
              "speed": "fast",
              "pass": true,
              "fail": false,
              "pending": false,
              "context": null,
              "code": "cy.visit(\"http://www.webdriveruniversity.com\");\ncy.get('#autocomplete-textfield').invoke('removeAttr', 'target').click({\n  force: true\n});\ncy.get('#myInput').type('A');\ncy.get('#myInputautocomplete-list > *').each(($el, index, $list) => {\n  const prod = $el.text(); //JQuery method\n  const productToSelect = 'Avacado';\n  if (prod === productToSelect) {\n    // $el.click();\n    $el.trigger(\"click\");\n    cy.get('#submit-button').click();\n    cy.url().should('include', productToSelect);\n  }\n}).then(() => {\n  cy.get('#myInput').type('G');\n  cy.get('#myInputautocomplete-list > *').each(($el, index, $list) => {\n    const prod = $el.text(); //JQuery method\n    const productToSelect = 'Grapes';\n    if (prod === productToSelect) {\n      // $el.click();\n      $el.trigger(\"click\");\n      cy.get('#submit-button').click();\n      cy.url().should('include', productToSelect);\n    }\n  });\n});",
              "err": {},
              "uuid": "d764713b-35f8-42a0-bb06-577bd45891b1",
              "parentUUID": "9a4c129b-641c-4da5-b7e1-06b1e28dd08f",
              "isHook": false,
              "skipped": false
            }
          ],
          "suites": [],
          "passes": [
            "d764713b-35f8-42a0-bb06-577bd45891b1"
          ],
          "failures": [],
          "pending": [],
          "skipped": [],
          "duration": 1826,
          "root": false,
          "rootEmpty": false,
          "_timeout": 2000
        }
      ],
      "passes": [],
      "failures": [],
      "pending": [],
      "skipped": [],
      "duration": 0,
      "root": true,
      "rootEmpty": true,
      "_timeout": 2000
    },
    {
      "uuid": "2582b45f-787a-4626-9d51-acae3741c09a",
      "title": "",
      "fullFile": "cypress/integration/webdriver-uni/browser-navigation.js",
      "file": "cypress/integration/webdriver-uni/browser-navigation.js",
      "beforeHooks": [],
      "afterHooks": [],
      "tests": [],
      "suites": [
        {
          "uuid": "0df41b72-70c3-4b97-9051-eefb12b24cff",
          "title": "Validate wedriveruni homepage links",
          "fullFile": "",
          "file": "",
          "beforeHooks": [],
          "afterHooks": [],
          "tests": [
            {
              "title": "Confirm links redirect to the correct pages",
              "fullTitle": "Validate wedriveruni homepage links Confirm links redirect to the correct pages",
              "timedOut": null,
              "duration": 2236,
              "state": "passed",
              "speed": "fast",
              "pass": true,
              "fail": false,
              "pending": false,
              "context": null,
              "code": "cy.visit(\"http://www.webdriveruniversity.com\");\ncy.get('#contact-us').invoke('removeAttr', 'target').click({\n  force: true\n});\ncy.url().should('include', 'contactus');\ncy.go('back');\ncy.reload();\ncy.url().should('include', 'http://www.webdriveruniversity.com/'); //cy.reload(true); //reload without using cache\ncy.go('forward');\ncy.url().should('include', 'contactus');\ncy.go('back');\ncy.get('#login-portal').invoke('removeAttr', 'target').click({\n  force: true\n});\ncy.url().should('include', 'Login-Portal');\ncy.go('back');\ncy.get('#to-do-list').invoke('removeAttr', 'target').click({\n  force: true\n});\ncy.url().should('include', 'To-Do-List');",
              "err": {},
              "uuid": "4db3042c-5d32-4fe5-8bc0-f362d8526494",
              "parentUUID": "0df41b72-70c3-4b97-9051-eefb12b24cff",
              "isHook": false,
              "skipped": false
            }
          ],
          "suites": [],
          "passes": [
            "4db3042c-5d32-4fe5-8bc0-f362d8526494"
          ],
          "failures": [],
          "pending": [],
          "skipped": [],
          "duration": 2236,
          "root": false,
          "rootEmpty": false,
          "_timeout": 2000
        }
      ],
      "passes": [],
      "failures": [],
      "pending": [],
      "skipped": [],
      "duration": 0,
      "root": true,
      "rootEmpty": true,
      "_timeout": 2000
    },
    {
      "uuid": "5d22a2b0-9ed9-437f-9b8a-5d09fe0665df",
      "title": "",
      "fullFile": "cypress/integration/webdriver-uni/checkboxes.js",
      "file": "cypress/integration/webdriver-uni/checkboxes.js",
      "beforeHooks": [],
      "afterHooks": [],
      "tests": [],
      "suites": [
        {
          "uuid": "11fd2834-fff7-4082-bca2-cbf4c32575a9",
          "title": "Verify chckboxes via webdriveruni",
          "fullFile": "",
          "file": "",
          "beforeHooks": [],
          "afterHooks": [],
          "tests": [
            {
              "title": "Check multiple and validate checkbox",
              "fullTitle": "Verify chckboxes via webdriveruni Check multiple and validate checkbox",
              "timedOut": null,
              "duration": 1599,
              "state": "passed",
              "speed": "fast",
              "pass": true,
              "fail": false,
              "pending": false,
              "context": null,
              "code": "cy.get('input[type=\"checkbox\"]').check(['option-1', 'option-2', 'option-3', 'option-4']).should('be.checked');\ncy.get('#checkboxes :checked').should('be.checked').as('unchecked').click({\n  multiple: true\n});",
              "err": {},
              "uuid": "3f855ccb-4074-437a-b305-dfac1910bb5a",
              "parentUUID": "11fd2834-fff7-4082-bca2-cbf4c32575a9",
              "isHook": false,
              "skipped": false
            }
          ],
          "suites": [],
          "passes": [
            "3f855ccb-4074-437a-b305-dfac1910bb5a"
          ],
          "failures": [],
          "pending": [],
          "skipped": [],
          "duration": 1599,
          "root": false,
          "rootEmpty": false,
          "_timeout": 2000
        }
      ],
      "passes": [],
      "failures": [],
      "pending": [],
      "skipped": [],
      "duration": 0,
      "root": true,
      "rootEmpty": true,
      "_timeout": 2000
    },
    {
      "uuid": "e6013c0d-3e56-4a52-ad37-6dced0237cd8",
      "title": "",
      "fullFile": "cypress/integration/webdriver-uni/contact-us.js",
      "file": "cypress/integration/webdriver-uni/contact-us.js",
      "beforeHooks": [],
      "afterHooks": [],
      "tests": [],
      "suites": [
        {
          "uuid": "0a70a26c-f2e5-476b-9ff8-760f553d703f",
          "title": "Test Contact Us form via WebdriverUni",
          "fullFile": "",
          "file": "",
          "beforeHooks": [],
          "afterHooks": [],
          "tests": [
            {
              "title": "Should be able to submit a successful submission via contact us form",
              "fullTitle": "Test Contact Us form via WebdriverUni Should be able to submit a successful submission via contact us form",
              "timedOut": null,
              "duration": 6148,
              "state": "passed",
              "speed": "medium",
              "pass": true,
              "fail": false,
              "pending": false,
              "context": null,
              "code": "cy.document().should(\"have.property\", \"charset\").and(\"eq\", \"UTF-8\");\ncy.document().should('have.property', 'title').and('eq', 'WebDriver | Contact Us');\ncy.title().should(\"include\", \"WebDriver | Contact Us\");\ncy.url().should(\"include\", \"contactus\");\ncontact_Form.contactForm_Submission(Cypress.env(\"first_name\"), data.last_name, data.email, \"Have a nice day!\", \"h1\", \"Thank You for your Message!\");",
              "err": {},
              "uuid": "6f268dda-f32f-41ec-aae7-8d411fa5dbac",
              "parentUUID": "0a70a26c-f2e5-476b-9ff8-760f553d703f",
              "isHook": false,
              "skipped": false
            },
            {
              "title": "Should not be able to submit a successful submission via contact us form as all fields are required",
              "fullTitle": "Test Contact Us form via WebdriverUni Should not be able to submit a successful submission via contact us form as all fields are required",
              "timedOut": null,
              "duration": 5201,
              "state": "passed",
              "speed": "medium",
              "pass": true,
              "fail": false,
              "pending": false,
              "context": null,
              "code": "contact_Form.contactForm_Submission(data.first_name, data.last_name, \" \", \"Have a nice day!\", \"body\", \"Error: Invalid email address\");",
              "err": {},
              "uuid": "2679f13f-d053-40d8-803e-ac3bd4a3a0cc",
              "parentUUID": "0a70a26c-f2e5-476b-9ff8-760f553d703f",
              "isHook": false,
              "skipped": false
            }
          ],
          "suites": [],
          "passes": [
            "6f268dda-f32f-41ec-aae7-8d411fa5dbac",
            "2679f13f-d053-40d8-803e-ac3bd4a3a0cc"
          ],
          "failures": [],
          "pending": [],
          "skipped": [],
          "duration": 11349,
          "root": false,
          "rootEmpty": false,
          "_timeout": 2000
        }
      ],
      "passes": [],
      "failures": [],
      "pending": [],
      "skipped": [],
      "duration": 0,
      "root": true,
      "rootEmpty": true,
      "_timeout": 2000
    },
    {
      "uuid": "963e45d2-f079-44f2-ab3b-4099d4f413df",
      "title": "",
      "fullFile": "cypress/integration/webdriver-uni/data-tables.js",
      "file": "cypress/integration/webdriver-uni/data-tables.js",
      "beforeHooks": [],
      "afterHooks": [],
      "tests": [],
      "suites": [
        {
          "uuid": "a057504f-903b-4e08-83ce-cf3da3a8bb7c",
          "title": "Handling data via webdriveruni",
          "fullFile": "",
          "file": "",
          "beforeHooks": [],
          "afterHooks": [],
          "tests": [
            {
              "title": "Calculate annd assert the age of a given user based on last name",
              "fullTitle": "Handling data via webdriveruni Calculate annd assert the age of a given user based on last name",
              "timedOut": null,
              "duration": 1038,
              "state": "passed",
              "speed": "fast",
              "pass": true,
              "fail": false,
              "pending": false,
              "context": null,
              "code": "cy.get('#thumbnail-1 tr td:nth-child(2)').as('lastName').each(($el, index, $list) => {\n  const text = $el.text();\n  if (text.includes('Woods')) {\n    cy.get('@lastName').eq(index).next().then(age => {\n      const userAge = Number(age.text());\n      expect(userAge).to.eq(80);\n    });\n  }\n});",
              "err": {},
              "uuid": "d8122a73-1424-4114-9ed0-0781280bb842",
              "parentUUID": "a057504f-903b-4e08-83ce-cf3da3a8bb7c",
              "isHook": false,
              "skipped": false
            }
          ],
          "suites": [],
          "passes": [
            "d8122a73-1424-4114-9ed0-0781280bb842"
          ],
          "failures": [],
          "pending": [],
          "skipped": [],
          "duration": 1038,
          "root": false,
          "rootEmpty": false,
          "_timeout": 2000
        }
      ],
      "passes": [],
      "failures": [],
      "pending": [],
      "skipped": [],
      "duration": 0,
      "root": true,
      "rootEmpty": true,
      "_timeout": 2000
    },
    {
      "uuid": "e82881f7-e1d5-4672-8984-461b69a72c81",
      "title": "",
      "fullFile": "cypress/integration/webdriver-uni/datepicker.js",
      "file": "cypress/integration/webdriver-uni/datepicker.js",
      "beforeHooks": [],
      "afterHooks": [],
      "tests": [],
      "suites": [
        {
          "uuid": "da03c3e8-0988-432e-a950-1c78a2d0b282",
          "title": "Test Datepicker via webdriveruni",
          "fullFile": "",
          "file": "",
          "beforeHooks": [],
          "afterHooks": [],
          "tests": [
            {
              "title": "Select date from the Datepicker",
              "fullTitle": "Test Datepicker via webdriveruni Select date from the Datepicker",
              "timedOut": null,
              "duration": 3161,
              "state": "passed",
              "speed": "fast",
              "pass": true,
              "fail": false,
              "pending": false,
              "context": null,
              "code": "cy.get(\"#datepicker\").click(); //    let date = new Date();\n//    date.setDate(date.getDate());\n//    cy.log(date.getDate()) //get current day i.e. 22\n//    let date2 = new Date();\n//    date2.setDate(date.getDate() + 5);\n//    cy.log(date2.getDate()) //get current day i.e. 22 + 5 = 27\nvar date = new Date();\ndate.setDate(date.getDate() + 399);\nvar futureYear = date.getFullYear();\nvar futureMonth = date.toLocaleString('default', {\n  month: 'long'\n});\nvar futureDay = date.getDate();\ncy.log('Future year to select: ' + futureYear);\ncy.log('Future month to select: ' + futureMonth);\ncy.log('Future day to select: ' + futureDay);\nconsole.log(date);\nfunction selectMonthAndYear() {\n  //selecting future year\n  cy.get('.datepicker-dropdown').find('.datepicker-switch').first().then(currentDate => {\n    if (!currentDate.text().includes(futureYear)) {\n      cy.get('.next').first().click();\n      selectMonthAndYear(); // used to loop if statement\n    }\n  }).then(() => {\n    //selecting future month\n    cy.get('.datepicker-dropdown').find('.datepicker-switch').first().then(currentDate => {\n      if (!currentDate.text().includes(futureMonth)) {\n        cy.get('.next').first().click();\n        selectMonthAndYear();\n      }\n    });\n  });\n}\nfunction selectFutureDay() {\n  cy.get(\"[class='day']\").contains(futureDay).click();\n}\nselectMonthAndYear();\nselectFutureDay();",
              "err": {},
              "uuid": "a2f2e3cf-ef85-44a7-b665-5d4cfff874f9",
              "parentUUID": "da03c3e8-0988-432e-a950-1c78a2d0b282",
              "isHook": false,
              "skipped": false
            }
          ],
          "suites": [],
          "passes": [
            "a2f2e3cf-ef85-44a7-b665-5d4cfff874f9"
          ],
          "failures": [],
          "pending": [],
          "skipped": [],
          "duration": 3161,
          "root": false,
          "rootEmpty": false,
          "_timeout": 2000
        }
      ],
      "passes": [],
      "failures": [],
      "pending": [],
      "skipped": [],
      "duration": 0,
      "root": true,
      "rootEmpty": true,
      "_timeout": 2000
    },
    {
      "uuid": "1c777ebc-17a0-43c6-bac4-733827d55ede",
      "title": "",
      "fullFile": "cypress/integration/webdriver-uni/file-upload.js",
      "file": "cypress/integration/webdriver-uni/file-upload.js",
      "beforeHooks": [],
      "afterHooks": [],
      "tests": [],
      "suites": [
        {
          "uuid": "e3224af0-1492-45db-982f-5bb7a833cf26",
          "title": "Test file upload via webdriveruni",
          "fullFile": "",
          "file": "",
          "beforeHooks": [],
          "afterHooks": [],
          "tests": [
            {
              "title": "Upload a file....",
              "fullTitle": "Test file upload via webdriveruni Upload a file....",
              "timedOut": null,
              "duration": 1041,
              "state": "passed",
              "speed": "fast",
              "pass": true,
              "fail": false,
              "pending": false,
              "context": null,
              "code": "cy.visit(\"http://www.webdriveruniversity.com\");\ncy.get('#file-upload').invoke('removeAttr', 'target').click({\n  force: true\n});\ncy.fixture('printscreen_about_jpg.png', 'base64').then(fileContent => {\n  cy.get('#myFile').attachFile({\n    fileContent,\n    fileName: \"printscreen_about_jpg.png\",\n    mimeType: \"image/png\"\n  }, {\n    uploadType: \"input\"\n  });\n});\nconst stub = cy.stub();\ncy.on('window:alert', stub);\ncy.get('#submit-button').click().then(() => {\n  expect(stub.getCall(0)).to.be.calledWith('Your file has now been uploaded!');\n}).then(() => {\n  return true;\n});",
              "err": {},
              "uuid": "89b7e2bd-6658-4d90-815f-da0792cdbceb",
              "parentUUID": "e3224af0-1492-45db-982f-5bb7a833cf26",
              "isHook": false,
              "skipped": false
            }
          ],
          "suites": [],
          "passes": [
            "89b7e2bd-6658-4d90-815f-da0792cdbceb"
          ],
          "failures": [],
          "pending": [],
          "skipped": [],
          "duration": 1041,
          "root": false,
          "rootEmpty": false,
          "_timeout": 2000
        }
      ],
      "passes": [],
      "failures": [],
      "pending": [],
      "skipped": [],
      "duration": 0,
      "root": true,
      "rootEmpty": true,
      "_timeout": 2000
    },
    {
      "uuid": "44ccc5fd-81e9-42f8-877d-a19083928a18",
      "title": "",
      "fullFile": "cypress/integration/webdriver-uni/iframe.js",
      "file": "cypress/integration/webdriver-uni/iframe.js",
      "beforeHooks": [],
      "afterHooks": [],
      "tests": [],
      "suites": [
        {
          "uuid": "c0bdb735-586d-468c-83be-ebcf4bea4807",
          "title": "Handling IFrame & Modals",
          "fullFile": "",
          "file": "",
          "beforeHooks": [],
          "afterHooks": [],
          "tests": [
            {
              "title": "Handle webdriveruni iframe nad modal",
              "fullTitle": "Handling IFrame & Modals Handle webdriveruni iframe nad modal",
              "timedOut": null,
              "duration": 1376,
              "state": "passed",
              "speed": "fast",
              "pass": true,
              "fail": false,
              "pending": false,
              "context": null,
              "code": "cy.visit(\"http://www.webdriveruniversity.com\");\ncy.get('#iframe').invoke('removeAttr', 'target').click({\n  force: true\n});\ncy.get('#frame').then($iframe => {\n  const body = $iframe.contents().find('body');\n  cy.wrap(body).as('iframe');\n});\ncy.get('@iframe').find('#button-find-out-more').click();\ncy.get('@iframe').find('#myModal').as('modal');\ncy.get('@modal').should($expectedText => {\n  const text = $expectedText.text();\n  expect(text).to.include('Welcome to webdriveruniversity.com we sell a wide range of electrical');\n});\ncy.get('@modal').contains('Close').click();",
              "err": {},
              "uuid": "352f95de-9221-425a-afe4-a12a357f0d41",
              "parentUUID": "c0bdb735-586d-468c-83be-ebcf4bea4807",
              "isHook": false,
              "skipped": false
            }
          ],
          "suites": [],
          "passes": [
            "352f95de-9221-425a-afe4-a12a357f0d41"
          ],
          "failures": [],
          "pending": [],
          "skipped": [],
          "duration": 1376,
          "root": false,
          "rootEmpty": false,
          "_timeout": 2000
        }
      ],
      "passes": [],
      "failures": [],
      "pending": [],
      "skipped": [],
      "duration": 0,
      "root": true,
      "rootEmpty": true,
      "_timeout": 2000
    },
    {
      "uuid": "dbb17dfb-19b2-48e3-96ed-aa62eccb5aa2",
      "title": "",
      "fullFile": "cypress/integration/webdriver-uni/js-alerts.js",
      "file": "cypress/integration/webdriver-uni/js-alerts.js",
      "beforeHooks": [],
      "afterHooks": [],
      "tests": [],
      "suites": [
        {
          "uuid": "c3afd474-7247-4681-ab05-7dae46b35e89",
          "title": "Handle js alerts",
          "fullFile": "",
          "file": "",
          "beforeHooks": [],
          "afterHooks": [],
          "tests": [
            {
              "title": "Validate js confirm alert box using a stub",
              "fullTitle": "Handle js alerts Validate js confirm alert box using a stub",
              "timedOut": null,
              "duration": 900,
              "state": "passed",
              "speed": "fast",
              "pass": true,
              "fail": false,
              "pending": false,
              "context": null,
              "code": "cy.visit(\"http://www.webdriveruniversity.com\");\ncy.get('#popup-alerts').invoke('removeAttr', 'target').click({\n  force: true\n});\nconst stub = cy.stub();\ncy.on('window:confirm', stub);\ncy.get('#button4').click().then(() => {\n  expect(stub.getCall(0)).to.be.calledWith('Press a button!');\n}).then(() => {\n  return true;\n}).then(() => {\n  cy.get('#confirm-alert-text').contains('You pressed OK!');\n});",
              "err": {},
              "uuid": "763b3396-f043-4407-8947-13efd70764e7",
              "parentUUID": "c3afd474-7247-4681-ab05-7dae46b35e89",
              "isHook": false,
              "skipped": false
            }
          ],
          "suites": [],
          "passes": [
            "763b3396-f043-4407-8947-13efd70764e7"
          ],
          "failures": [],
          "pending": [],
          "skipped": [],
          "duration": 900,
          "root": false,
          "rootEmpty": false,
          "_timeout": 2000
        }
      ],
      "passes": [],
      "failures": [],
      "pending": [],
      "skipped": [],
      "duration": 0,
      "root": true,
      "rootEmpty": true,
      "_timeout": 2000
    },
    {
      "uuid": "491df478-560e-4c0f-a03a-b8f7a587384b",
      "title": "",
      "fullFile": "cypress/integration/webdriver-uni/mouse-actions.js",
      "file": "cypress/integration/webdriver-uni/mouse-actions.js",
      "beforeHooks": [],
      "afterHooks": [],
      "tests": [],
      "suites": [
        {
          "uuid": "8b447298-ff98-469c-89a6-8196f78cb45e",
          "title": "Test mouse actions",
          "fullFile": "",
          "file": "",
          "beforeHooks": [],
          "afterHooks": [],
          "tests": [
            {
              "title": "Scroll element into view",
              "fullTitle": "Test mouse actions Scroll element into view",
              "timedOut": null,
              "duration": 751,
              "state": "passed",
              "speed": "fast",
              "pass": true,
              "fail": false,
              "pending": false,
              "context": null,
              "code": "cy.visit(\"http://www.webdriveruniversity.com\");\ncy.get('#actions').scrollIntoView().invoke('removeAttr', 'target').click({\n  force: true\n});",
              "err": {},
              "uuid": "e4cd79a9-1009-4dc3-b00e-a88813c93d53",
              "parentUUID": "8b447298-ff98-469c-89a6-8196f78cb45e",
              "isHook": false,
              "skipped": false
            },
            {
              "title": "I should be able to drag and drop a draggable item",
              "fullTitle": "Test mouse actions I should be able to drag and drop a draggable item",
              "timedOut": null,
              "duration": 363,
              "state": "passed",
              "speed": "fast",
              "pass": true,
              "fail": false,
              "pending": false,
              "context": null,
              "code": "cy.visit(\"http://www.webdriveruniversity.com\");\ncy.get('#actions').scrollIntoView().invoke('removeAttr', 'target').click({\n  force: true\n});\ncy.get('#draggable').trigger('mousedown', {\n  which: 1\n}); // {which: 1} - click to the center of the element\ncy.get('#droppable').trigger('mousemove').trigger('mouseup', {\n  force: true\n});",
              "err": {},
              "uuid": "7c22a0f3-8522-486a-abb0-95a28bcea906",
              "parentUUID": "8b447298-ff98-469c-89a6-8196f78cb45e",
              "isHook": false,
              "skipped": false
            },
            {
              "title": "I should be able to perform a double click",
              "fullTitle": "Test mouse actions I should be able to perform a double click",
              "timedOut": null,
              "duration": 380,
              "state": "passed",
              "speed": "fast",
              "pass": true,
              "fail": false,
              "pending": false,
              "context": null,
              "code": "cy.visit(\"http://www.webdriveruniversity.com\");\ncy.get('#actions').scrollIntoView().invoke('removeAttr', 'target').click({\n  force: true\n});\ncy.get('#double-click').trigger('dblclick'); //the first option\ncy.get('#double-click').dblclick(); //the second option",
              "err": {},
              "uuid": "f9601d76-cd96-4173-806b-c6fcec07699e",
              "parentUUID": "8b447298-ff98-469c-89a6-8196f78cb45e",
              "isHook": false,
              "skipped": false
            },
            {
              "title": "I should be able hold down the left mouse click button on a given element",
              "fullTitle": "Test mouse actions I should be able hold down the left mouse click button on a given element",
              "timedOut": null,
              "duration": 349,
              "state": "passed",
              "speed": "fast",
              "pass": true,
              "fail": false,
              "pending": false,
              "context": null,
              "code": "cy.visit(\"http://www.webdriveruniversity.com\");\ncy.get('#actions').scrollIntoView().invoke('removeAttr', 'target').click({\n  force: true\n});\ncy.get('#click-box').trigger('mousedown', {\n  which: 1\n}).then($element => {\n  expect($element).to.have.css('background-color', 'rgb(0, 255, 0)');\n});",
              "err": {},
              "uuid": "ffa48f1f-05c5-41a1-9795-9417d17a46b1",
              "parentUUID": "8b447298-ff98-469c-89a6-8196f78cb45e",
              "isHook": false,
              "skipped": false
            }
          ],
          "suites": [],
          "passes": [
            "e4cd79a9-1009-4dc3-b00e-a88813c93d53",
            "7c22a0f3-8522-486a-abb0-95a28bcea906",
            "f9601d76-cd96-4173-806b-c6fcec07699e",
            "ffa48f1f-05c5-41a1-9795-9417d17a46b1"
          ],
          "failures": [],
          "pending": [],
          "skipped": [],
          "duration": 1843,
          "root": false,
          "rootEmpty": false,
          "_timeout": 2000
        }
      ],
      "passes": [],
      "failures": [],
      "pending": [],
      "skipped": [],
      "duration": 0,
      "root": true,
      "rootEmpty": true,
      "_timeout": 2000
    },
    {
      "uuid": "fad5e720-00c4-4658-a3b8-75292f6d7b99",
      "title": "",
      "fullFile": "cypress/integration/webdriver-uni/radio-butons.js",
      "file": "cypress/integration/webdriver-uni/radio-butons.js",
      "beforeHooks": [],
      "afterHooks": [],
      "tests": [],
      "suites": [
        {
          "uuid": "9fef01ce-b395-4966-8172-c6ecba506749",
          "title": "Verify radio-butons via webdriveruni",
          "fullFile": "",
          "file": "",
          "beforeHooks": [],
          "afterHooks": [],
          "tests": [
            {
              "title": "Check specific radio-butons",
              "fullTitle": "Verify radio-butons via webdriveruni Check specific radio-butons",
              "timedOut": null,
              "duration": 1289,
              "state": "passed",
              "speed": "fast",
              "pass": true,
              "fail": false,
              "pending": false,
              "context": null,
              "code": "cy.get('#radio-buttons').find('[type=\"radio\"]').as('radio-butons-scope').first().check();\ncy.get('@radio-butons-scope').eq(1).check();",
              "err": {},
              "uuid": "b1519ff1-8f5b-4426-9626-faee93cb3548",
              "parentUUID": "9fef01ce-b395-4966-8172-c6ecba506749",
              "isHook": false,
              "skipped": false
            },
            {
              "title": "Validate of specific radio-butons",
              "fullTitle": "Verify radio-butons via webdriveruni Validate of specific radio-butons",
              "timedOut": null,
              "duration": 133,
              "state": "passed",
              "speed": "fast",
              "pass": true,
              "fail": false,
              "pending": false,
              "context": null,
              "code": "cy.get('[value=\"lettuce\"]').should('not.be.checked');\ncy.get('[value=\"pumpkin\"]').should('be.checked');\ncy.get('[value=\"lettuce\"]').check();\ncy.get('[value=\"lettuce\"]').should('be.checked');\ncy.get('[value=\"pumpkin\"]').should('not.be.checked');\ncy.get('[value=\"cabbage\"]').should('be.disabled');",
              "err": {},
              "uuid": "4e6d979f-09a9-43ec-a226-ab09df3b198f",
              "parentUUID": "9fef01ce-b395-4966-8172-c6ecba506749",
              "isHook": false,
              "skipped": false
            }
          ],
          "suites": [],
          "passes": [
            "b1519ff1-8f5b-4426-9626-faee93cb3548",
            "4e6d979f-09a9-43ec-a226-ab09df3b198f"
          ],
          "failures": [],
          "pending": [],
          "skipped": [],
          "duration": 1422,
          "root": false,
          "rootEmpty": false,
          "_timeout": 2000
        }
      ],
      "passes": [],
      "failures": [],
      "pending": [],
      "skipped": [],
      "duration": 0,
      "root": true,
      "rootEmpty": true,
      "_timeout": 2000
    },
    {
      "uuid": "40966280-7fb9-48a6-b222-743f68b8987e",
      "title": "",
      "fullFile": "cypress/integration/webdriver-uni/select-dropdown-list.js",
      "file": "cypress/integration/webdriver-uni/select-dropdown-list.js",
      "beforeHooks": [],
      "afterHooks": [],
      "tests": [],
      "suites": [
        {
          "uuid": "e3179a6d-ad7e-4588-ae04-cbe2547e086d",
          "title": "Interact with dropdown lists via webdriveruni",
          "fullFile": "",
          "file": "",
          "beforeHooks": [],
          "afterHooks": [],
          "tests": [
            {
              "title": "Select specific values via select dropdown list",
              "fullTitle": "Interact with dropdown lists via webdriveruni Select specific values via select dropdown list",
              "timedOut": null,
              "duration": 1524,
              "state": "passed",
              "speed": "fast",
              "pass": true,
              "fail": false,
              "pending": false,
              "context": null,
              "code": "cy.visit(\"http://www.webdriveruniversity.com\");\ncy.get('#dropdown-checkboxes-radiobuttons').invoke('removeAttr', 'target').click({\n  force: true\n});\ncy.get('#dropdowm-menu-1').select('c#');\ncy.get('#dropdowm-menu-2').select('testng').should('have.value', 'testng');\ncy.get('#dropdowm-menu-3').select('JQuery').contains('JQuery');\ncy.get('#dropdowm-menu-2').select('maven').should('have.value', 'maven');\ncy.get('#dropdowm-menu-2').select('TestNG').contains('TestNG');",
              "err": {},
              "uuid": "704695e1-41fd-4568-846e-41660bab6226",
              "parentUUID": "e3179a6d-ad7e-4588-ae04-cbe2547e086d",
              "isHook": false,
              "skipped": false
            }
          ],
          "suites": [],
          "passes": [
            "704695e1-41fd-4568-846e-41660bab6226"
          ],
          "failures": [],
          "pending": [],
          "skipped": [],
          "duration": 1524,
          "root": false,
          "rootEmpty": false,
          "_timeout": 2000
        }
      ],
      "passes": [],
      "failures": [],
      "pending": [],
      "skipped": [],
      "duration": 0,
      "root": true,
      "rootEmpty": true,
      "_timeout": 2000
    },
    {
      "uuid": "981d5478-be96-412b-aafa-9f6f28036ea9",
      "title": "",
      "fullFile": "cypress/integration/webdriver-uni/selectors.js",
      "file": "cypress/integration/webdriver-uni/selectors.js",
      "beforeHooks": [],
      "afterHooks": [],
      "tests": [],
      "suites": [
        {
          "uuid": "8c6c3fb6-44d0-4930-b05c-a466ff21998f",
          "title": "Selector examples",
          "fullFile": "",
          "file": "",
          "beforeHooks": [],
          "afterHooks": [],
          "tests": [
            {
              "title": "Examples of Selectors via WebdriverUni Contact Us Page",
              "fullTitle": "Selector examples Examples of Selectors via WebdriverUni Contact Us Page",
              "timedOut": null,
              "duration": 390,
              "state": "passed",
              "speed": "fast",
              "pass": true,
              "fail": false,
              "pending": false,
              "context": null,
              "code": "cy.visit(\"http://www.webdriveruniversity.com/Contact-Us/contactus.html\"); //By tag name\ncy.get(\"input\"); //By attribute name and value\ncy.get(\"input[name='first_name']\"); //By id\ncy.get(\"#contact_me\"); //By class\ncy.get(\".feedback-input\"); //By multiple classes\ncy.get(\"[class='navbar navbar-inverse navbar-fixed-top']\"); //By two different attributes\ncy.get(\"[name='email'][placeholder='Email Address']\"); //By xpath\ncy.xpath(\"//input[@name='first_name']\");",
              "err": {},
              "uuid": "1f3ad0a3-5d28-4f70-a1ed-212a23ecd98e",
              "parentUUID": "8c6c3fb6-44d0-4930-b05c-a466ff21998f",
              "isHook": false,
              "skipped": false
            }
          ],
          "suites": [],
          "passes": [
            "1f3ad0a3-5d28-4f70-a1ed-212a23ecd98e"
          ],
          "failures": [],
          "pending": [],
          "skipped": [],
          "duration": 390,
          "root": false,
          "rootEmpty": false,
          "_timeout": 2000
        }
      ],
      "passes": [],
      "failures": [],
      "pending": [],
      "skipped": [],
      "duration": 0,
      "root": true,
      "rootEmpty": true,
      "_timeout": 2000
    },
    {
      "uuid": "a3a97198-a617-41a7-99f6-78af8b451f07",
      "title": "",
      "fullFile": "cypress/integration/webdriver-uni/traversing-elements_commands.js",
      "file": "cypress/integration/webdriver-uni/traversing-elements_commands.js",
      "beforeHooks": [],
      "afterHooks": [],
      "tests": [],
      "suites": [
        {
          "uuid": "5fa70eb6-e4ac-4aa3-b651-63005e3d4f0a",
          "title": "Traversing DOM elements in Cypress",
          "fullFile": "",
          "file": "",
          "beforeHooks": [],
          "afterHooks": [],
          "tests": [
            {
              "title": "children() to get the children of DOM elements",
              "fullTitle": "Traversing DOM elements in Cypress children() to get the children of DOM elements",
              "timedOut": null,
              "duration": 762,
              "state": "passed",
              "speed": "fast",
              "pass": true,
              "fail": false,
              "pending": false,
              "context": null,
              "code": "",
              "err": {},
              "uuid": "f03c56da-66b8-44b3-81fb-e276c20e2e85",
              "parentUUID": "5fa70eb6-e4ac-4aa3-b651-63005e3d4f0a",
              "isHook": false,
              "skipped": false
            },
            {
              "title": "closest() to validate the closest ancestor DOM element",
              "fullTitle": "Traversing DOM elements in Cypress closest() to validate the closest ancestor DOM element",
              "timedOut": null,
              "duration": 429,
              "state": "passed",
              "speed": "fast",
              "pass": true,
              "fail": false,
              "pending": false,
              "context": null,
              "code": "",
              "err": {},
              "uuid": "d2fc9eae-4687-465b-a400-30f115fcda74",
              "parentUUID": "5fa70eb6-e4ac-4aa3-b651-63005e3d4f0a",
              "isHook": false,
              "skipped": false
            },
            {
              "title": "eq() to retrieve a specific element based on index",
              "fullTitle": "Traversing DOM elements in Cypress eq() to retrieve a specific element based on index",
              "timedOut": null,
              "duration": 375,
              "state": "passed",
              "speed": "fast",
              "pass": true,
              "fail": false,
              "pending": false,
              "context": null,
              "code": "",
              "err": {},
              "uuid": "1210a08d-9009-4e39-954b-926ed2a3b529",
              "parentUUID": "5fa70eb6-e4ac-4aa3-b651-63005e3d4f0a",
              "isHook": false,
              "skipped": false
            },
            {
              "title": "filter() to retrieve DOM elements that match a specific selector",
              "fullTitle": "Traversing DOM elements in Cypress filter() to retrieve DOM elements that match a specific selector",
              "timedOut": null,
              "duration": 356,
              "state": "passed",
              "speed": "fast",
              "pass": true,
              "fail": false,
              "pending": false,
              "context": null,
              "code": "",
              "err": {},
              "uuid": "a4795ac6-f17a-4edd-8685-0c6d8e6f626d",
              "parentUUID": "5fa70eb6-e4ac-4aa3-b651-63005e3d4f0a",
              "isHook": false,
              "skipped": false
            },
            {
              "title": "find() to retrieve DOM elements of a given selector",
              "fullTitle": "Traversing DOM elements in Cypress find() to retrieve DOM elements of a given selector",
              "timedOut": null,
              "duration": 307,
              "state": "passed",
              "speed": "fast",
              "pass": true,
              "fail": false,
              "pending": false,
              "context": null,
              "code": "",
              "err": {},
              "uuid": "f5f87337-2c23-4414-afd8-1de895dc3c0e",
              "parentUUID": "5fa70eb6-e4ac-4aa3-b651-63005e3d4f0a",
              "isHook": false,
              "skipped": false
            },
            {
              "title": "first() to retrieve the first DOM element within elements ",
              "fullTitle": "Traversing DOM elements in Cypress first() to retrieve the first DOM element within elements ",
              "timedOut": null,
              "duration": 339,
              "state": "passed",
              "speed": "fast",
              "pass": true,
              "fail": false,
              "pending": false,
              "context": null,
              "code": "",
              "err": {},
              "uuid": "11557b93-ecc0-4283-b50a-fa6cd393024d",
              "parentUUID": "5fa70eb6-e4ac-4aa3-b651-63005e3d4f0a",
              "isHook": false,
              "skipped": false
            },
            {
              "title": "last() to retrieve the last DOM element within elements",
              "fullTitle": "Traversing DOM elements in Cypress last() to retrieve the last DOM element within elements",
              "timedOut": null,
              "duration": 432,
              "state": "passed",
              "speed": "fast",
              "pass": true,
              "fail": false,
              "pending": false,
              "context": null,
              "code": "",
              "err": {},
              "uuid": "c7c91582-237e-4f21-929e-edbec53b2c80",
              "parentUUID": "5fa70eb6-e4ac-4aa3-b651-63005e3d4f0a",
              "isHook": false,
              "skipped": false
            },
            {
              "title": "nextAll() to get all of the next sibling DOM elements within elements",
              "fullTitle": "Traversing DOM elements in Cypress nextAll() to get all of the next sibling DOM elements within elements",
              "timedOut": null,
              "duration": 287,
              "state": "passed",
              "speed": "fast",
              "pass": true,
              "fail": false,
              "pending": false,
              "context": null,
              "code": "",
              "err": {},
              "uuid": "480ab4d6-e89e-40f3-92c8-70a5be1149c1",
              "parentUUID": "5fa70eb6-e4ac-4aa3-b651-63005e3d4f0a",
              "isHook": false,
              "skipped": false
            },
            {
              "title": "nextUntil() to get all of the next sibling DOM elements within elements until another element",
              "fullTitle": "Traversing DOM elements in Cypress nextUntil() to get all of the next sibling DOM elements within elements until another element",
              "timedOut": null,
              "duration": 326,
              "state": "passed",
              "speed": "fast",
              "pass": true,
              "fail": false,
              "pending": false,
              "context": null,
              "code": "",
              "err": {},
              "uuid": "1dbf0121-37a3-462e-b819-174e263bb48c",
              "parentUUID": "5fa70eb6-e4ac-4aa3-b651-63005e3d4f0a",
              "isHook": false,
              "skipped": false
            },
            {
              "title": "not() to remove DOM element(s) from the set of elements",
              "fullTitle": "Traversing DOM elements in Cypress not() to remove DOM element(s) from the set of elements",
              "timedOut": null,
              "duration": 339,
              "state": "passed",
              "speed": "fast",
              "pass": true,
              "fail": false,
              "pending": false,
              "context": null,
              "code": "",
              "err": {},
              "uuid": "53cf3adf-9628-4109-ab88-803c78239d22",
              "parentUUID": "5fa70eb6-e4ac-4aa3-b651-63005e3d4f0a",
              "isHook": false,
              "skipped": false
            },
            {
              "title": "parent() To get parent DOM element of elements",
              "fullTitle": "Traversing DOM elements in Cypress parent() To get parent DOM element of elements",
              "timedOut": null,
              "duration": 302,
              "state": "passed",
              "speed": "fast",
              "pass": true,
              "fail": false,
              "pending": false,
              "context": null,
              "code": "",
              "err": {},
              "uuid": "0928a1c9-d3b0-4093-837d-2c49758df2b2",
              "parentUUID": "5fa70eb6-e4ac-4aa3-b651-63005e3d4f0a",
              "isHook": false,
              "skipped": false
            },
            {
              "title": "parents() to get parents DOM element of elements",
              "fullTitle": "Traversing DOM elements in Cypress parents() to get parents DOM element of elements",
              "timedOut": null,
              "duration": 308,
              "state": "passed",
              "speed": "fast",
              "pass": true,
              "fail": false,
              "pending": false,
              "context": null,
              "code": "",
              "err": {},
              "uuid": "ac11040b-e437-458b-b4d7-483484f066ee",
              "parentUUID": "5fa70eb6-e4ac-4aa3-b651-63005e3d4f0a",
              "isHook": false,
              "skipped": false
            },
            {
              "title": "prev() to get the previous sibling DOM element within elements",
              "fullTitle": "Traversing DOM elements in Cypress prev() to get the previous sibling DOM element within elements",
              "timedOut": null,
              "duration": 329,
              "state": "passed",
              "speed": "fast",
              "pass": true,
              "fail": false,
              "pending": false,
              "context": null,
              "code": "",
              "err": {},
              "uuid": "60f599f0-28a0-462d-b314-949713c629ab",
              "parentUUID": "5fa70eb6-e4ac-4aa3-b651-63005e3d4f0a",
              "isHook": false,
              "skipped": false
            },
            {
              "title": "prevAll() to get all previous sibling DOM elements within elements",
              "fullTitle": "Traversing DOM elements in Cypress prevAll() to get all previous sibling DOM elements within elements",
              "timedOut": null,
              "duration": 275,
              "state": "passed",
              "speed": "fast",
              "pass": true,
              "fail": false,
              "pending": false,
              "context": null,
              "code": "",
              "err": {},
              "uuid": "8836f369-05c9-4d87-826a-fc554ff25b53",
              "parentUUID": "5fa70eb6-e4ac-4aa3-b651-63005e3d4f0a",
              "isHook": false,
              "skipped": false
            },
            {
              "title": "prevUntil() to get all previous sibling DOM elements within elements until other element",
              "fullTitle": "Traversing DOM elements in Cypress prevUntil() to get all previous sibling DOM elements within elements until other element",
              "timedOut": null,
              "duration": 404,
              "state": "passed",
              "speed": "fast",
              "pass": true,
              "fail": false,
              "pending": false,
              "context": null,
              "code": "",
              "err": {},
              "uuid": "5c477df9-e0d1-4fbe-adbe-815ae5938592",
              "parentUUID": "5fa70eb6-e4ac-4aa3-b651-63005e3d4f0a",
              "isHook": false,
              "skipped": false
            },
            {
              "title": "siblings() To get all sibling DOM elements of elements",
              "fullTitle": "Traversing DOM elements in Cypress siblings() To get all sibling DOM elements of elements",
              "timedOut": null,
              "duration": 311,
              "state": "passed",
              "speed": "fast",
              "pass": true,
              "fail": false,
              "pending": false,
              "context": null,
              "code": "",
              "err": {},
              "uuid": "4c4c7a61-fcdc-481b-bca2-592007463d96",
              "parentUUID": "5fa70eb6-e4ac-4aa3-b651-63005e3d4f0a",
              "isHook": false,
              "skipped": false
            }
          ],
          "suites": [],
          "passes": [
            "f03c56da-66b8-44b3-81fb-e276c20e2e85",
            "d2fc9eae-4687-465b-a400-30f115fcda74",
            "1210a08d-9009-4e39-954b-926ed2a3b529",
            "a4795ac6-f17a-4edd-8685-0c6d8e6f626d",
            "f5f87337-2c23-4414-afd8-1de895dc3c0e",
            "11557b93-ecc0-4283-b50a-fa6cd393024d",
            "c7c91582-237e-4f21-929e-edbec53b2c80",
            "480ab4d6-e89e-40f3-92c8-70a5be1149c1",
            "1dbf0121-37a3-462e-b819-174e263bb48c",
            "53cf3adf-9628-4109-ab88-803c78239d22",
            "0928a1c9-d3b0-4093-837d-2c49758df2b2",
            "ac11040b-e437-458b-b4d7-483484f066ee",
            "60f599f0-28a0-462d-b314-949713c629ab",
            "8836f369-05c9-4d87-826a-fc554ff25b53",
            "5c477df9-e0d1-4fbe-adbe-815ae5938592",
            "4c4c7a61-fcdc-481b-bca2-592007463d96"
          ],
          "failures": [],
          "pending": [],
          "skipped": [],
          "duration": 5881,
          "root": false,
          "rootEmpty": false,
          "_timeout": 2000
        }
      ],
      "passes": [],
      "failures": [],
      "pending": [],
      "skipped": [],
      "duration": 0,
      "root": true,
      "rootEmpty": true,
      "_timeout": 2000
    },
    {
      "uuid": "2464aead-f4c4-4d11-b6fe-039edb2f9328",
      "title": "",
      "fullFile": "cypress/integration/webdriver-uni/traversing-elements.js",
      "file": "cypress/integration/webdriver-uni/traversing-elements.js",
      "beforeHooks": [],
      "afterHooks": [],
      "tests": [],
      "suites": [
        {
          "uuid": "e4fdefc1-9b9a-4061-a123-4134a65bd9e0",
          "title": "Traversing DOM elements in Cypress",
          "fullFile": "",
          "file": "",
          "beforeHooks": [],
          "afterHooks": [],
          "tests": [
            {
              "title": "children() to get the children of DOM elements",
              "fullTitle": "Traversing DOM elements in Cypress children() to get the children of DOM elements",
              "timedOut": null,
              "duration": 821,
              "state": "passed",
              "speed": "fast",
              "pass": true,
              "fail": false,
              "pending": false,
              "context": null,
              "code": "cy.get('.traversal-breadcrumb').children('.active').should('contain', 'Contact Us');",
              "err": {},
              "uuid": "ffc899e6-0c01-4ea9-93ba-65ca63968284",
              "parentUUID": "e4fdefc1-9b9a-4061-a123-4134a65bd9e0",
              "isHook": false,
              "skipped": false
            },
            {
              "title": "closest() to validate the closest ancestor DOM element",
              "fullTitle": "Traversing DOM elements in Cypress closest() to validate the closest ancestor DOM element",
              "timedOut": null,
              "duration": 516,
              "state": "passed",
              "speed": "fast",
              "pass": true,
              "fail": false,
              "pending": false,
              "context": null,
              "code": "cy.get('.traversal-badge').closest('ul').should('have.class', 'list-group');",
              "err": {},
              "uuid": "28f3f957-e622-4c11-be8c-37f435a69a72",
              "parentUUID": "e4fdefc1-9b9a-4061-a123-4134a65bd9e0",
              "isHook": false,
              "skipped": false
            },
            {
              "title": "eq() to retrieve a specific element based on index",
              "fullTitle": "Traversing DOM elements in Cypress eq() to retrieve a specific element based on index",
              "timedOut": null,
              "duration": 343,
              "state": "passed",
              "speed": "fast",
              "pass": true,
              "fail": false,
              "pending": false,
              "context": null,
              "code": "cy.get('.traversal-drinks-list > *').eq(2).should('have.id', 'milk');",
              "err": {},
              "uuid": "a5871099-86a7-42bc-a503-988d98243c7b",
              "parentUUID": "e4fdefc1-9b9a-4061-a123-4134a65bd9e0",
              "isHook": false,
              "skipped": false
            },
            {
              "title": "filter() to retrieve DOM elements that match a specific selector",
              "fullTitle": "Traversing DOM elements in Cypress filter() to retrieve DOM elements that match a specific selector",
              "timedOut": null,
              "duration": 340,
              "state": "passed",
              "speed": "fast",
              "pass": true,
              "fail": false,
              "pending": false,
              "context": null,
              "code": "cy.get('.btn-group-toggle >*').filter('.active').should('contain', 'Button-1');",
              "err": {},
              "uuid": "ff23f272-8d17-405e-98a0-27eb9e09a33f",
              "parentUUID": "e4fdefc1-9b9a-4061-a123-4134a65bd9e0",
              "isHook": false,
              "skipped": false
            },
            {
              "title": "find() to retrieve DOM elements of a given selector",
              "fullTitle": "Traversing DOM elements in Cypress find() to retrieve DOM elements of a given selector",
              "timedOut": null,
              "duration": 401,
              "state": "passed",
              "speed": "fast",
              "pass": true,
              "fail": false,
              "pending": false,
              "context": null,
              "code": "cy.get('.traversal-pagination').find('li').find('a').should('have.length', 7);",
              "err": {},
              "uuid": "06f42d31-f041-4c53-908e-c45bbb4a3b48",
              "parentUUID": "e4fdefc1-9b9a-4061-a123-4134a65bd9e0",
              "isHook": false,
              "skipped": false
            },
            {
              "title": "first() to retrieve the first DOM element within elements ",
              "fullTitle": "Traversing DOM elements in Cypress first() to retrieve the first DOM element within elements ",
              "timedOut": null,
              "duration": 444,
              "state": "passed",
              "speed": "fast",
              "pass": true,
              "fail": false,
              "pending": false,
              "context": null,
              "code": "cy.get('.traversal-table > tbody > tr > td').first().should('contain', 'Andy');",
              "err": {},
              "uuid": "f8ddfbd3-9fc2-43f4-b21a-f81906887af2",
              "parentUUID": "e4fdefc1-9b9a-4061-a123-4134a65bd9e0",
              "isHook": false,
              "skipped": false
            },
            {
              "title": "last() to retrieve the last DOM element within elements",
              "fullTitle": "Traversing DOM elements in Cypress last() to retrieve the last DOM element within elements",
              "timedOut": null,
              "duration": 371,
              "state": "passed",
              "speed": "fast",
              "pass": true,
              "fail": false,
              "pending": false,
              "context": null,
              "code": "cy.get('.traversal-table > tbody > tr > td').last().should('contain', 'Scott');",
              "err": {},
              "uuid": "c08668d4-29af-4e74-bf33-15eb6335e3a9",
              "parentUUID": "e4fdefc1-9b9a-4061-a123-4134a65bd9e0",
              "isHook": false,
              "skipped": false
            },
            {
              "title": "nextAll() to get all of the next sibling DOM elements within elements",
              "fullTitle": "Traversing DOM elements in Cypress nextAll() to get all of the next sibling DOM elements within elements",
              "timedOut": null,
              "duration": 331,
              "state": "passed",
              "speed": "fast",
              "pass": true,
              "fail": false,
              "pending": false,
              "context": null,
              "code": "cy.get('.traversal-drinks-list > *').eq(1).nextAll().should('have.length', 3);\ncy.get('.traversal-drinks-list').contains('Tea').nextAll().should('have.length', 3);",
              "err": {},
              "uuid": "f9f55adf-96bf-4887-8902-56fc63f46dc0",
              "parentUUID": "e4fdefc1-9b9a-4061-a123-4134a65bd9e0",
              "isHook": false,
              "skipped": false
            },
            {
              "title": "nextUntil() to get all of the next sibling DOM elements within elements until another element",
              "fullTitle": "Traversing DOM elements in Cypress nextUntil() to get all of the next sibling DOM elements within elements until another element",
              "timedOut": null,
              "duration": 347,
              "state": "passed",
              "speed": "fast",
              "pass": true,
              "fail": false,
              "pending": false,
              "context": null,
              "code": "cy.get('#coffee').nextUntil('#milk'); //Get all following siblings of each DOM element in a set of matched DOM elements up to,\n//but not including, the element provided.",
              "err": {},
              "uuid": "8feb0ec3-558d-433c-a254-55d698d20ae4",
              "parentUUID": "e4fdefc1-9b9a-4061-a123-4134a65bd9e0",
              "isHook": false,
              "skipped": false
            },
            {
              "title": "not() to remove DOM element(s) from the set of elements",
              "fullTitle": "Traversing DOM elements in Cypress not() to remove DOM element(s) from the set of elements",
              "timedOut": null,
              "duration": 353,
              "state": "passed",
              "speed": "fast",
              "pass": true,
              "fail": false,
              "pending": false,
              "context": null,
              "code": "cy.get('.traversal-button-states > button').not('.disabled').should('not.have.class', 'disabled');",
              "err": {},
              "uuid": "44c9b58c-2414-442b-b8c9-85d624ea3a9d",
              "parentUUID": "e4fdefc1-9b9a-4061-a123-4134a65bd9e0",
              "isHook": false,
              "skipped": false
            },
            {
              "title": "parent() To get parent DOM element of elements",
              "fullTitle": "Traversing DOM elements in Cypress parent() To get parent DOM element of elements",
              "timedOut": null,
              "duration": 318,
              "state": "passed",
              "speed": "fast",
              "pass": true,
              "fail": false,
              "pending": false,
              "context": null,
              "code": "cy.get('.traversal-mark').parent().should('contain', 'Lorem ipsum dolor sit amet,');",
              "err": {},
              "uuid": "525dbf11-89b1-432d-a5aa-d86326b227ee",
              "parentUUID": "e4fdefc1-9b9a-4061-a123-4134a65bd9e0",
              "isHook": false,
              "skipped": false
            },
            {
              "title": "parents() to get parents DOM element of elements",
              "fullTitle": "Traversing DOM elements in Cypress parents() to get parents DOM element of elements",
              "timedOut": null,
              "duration": 371,
              "state": "passed",
              "speed": "fast",
              "pass": true,
              "fail": false,
              "pending": false,
              "context": null,
              "code": "cy.get('.traversal-cite').parents().should('match', 'blockquote');",
              "err": {},
              "uuid": "22ad241b-27bc-4249-8c75-a88ff222bb14",
              "parentUUID": "e4fdefc1-9b9a-4061-a123-4134a65bd9e0",
              "isHook": false,
              "skipped": false
            },
            {
              "title": "prev() to get the previous sibling DOM element within elements",
              "fullTitle": "Traversing DOM elements in Cypress prev() to get the previous sibling DOM element within elements",
              "timedOut": null,
              "duration": 405,
              "state": "passed",
              "speed": "fast",
              "pass": true,
              "fail": false,
              "pending": false,
              "context": null,
              "code": "cy.get('#sugar').prev().should('have.id', 'espresso');\ncy.get('#sugar').prev().contains('Espresso');",
              "err": {},
              "uuid": "1e3c2803-8222-4790-af8a-ab01dde1c9ea",
              "parentUUID": "e4fdefc1-9b9a-4061-a123-4134a65bd9e0",
              "isHook": false,
              "skipped": false
            },
            {
              "title": "prevAll() to get all previous sibling DOM elements within elements",
              "fullTitle": "Traversing DOM elements in Cypress prevAll() to get all previous sibling DOM elements within elements",
              "timedOut": null,
              "duration": 529,
              "state": "passed",
              "speed": "fast",
              "pass": true,
              "fail": false,
              "pending": false,
              "context": null,
              "code": "cy.get('.sales').prevAll().should('have.length', 2);",
              "err": {},
              "uuid": "71021654-7b3a-4c10-bc78-9b334e5e4d9c",
              "parentUUID": "e4fdefc1-9b9a-4061-a123-4134a65bd9e0",
              "isHook": false,
              "skipped": false
            },
            {
              "title": "prevUntil() to get all previous sibling DOM elements within elements until other element",
              "fullTitle": "Traversing DOM elements in Cypress prevUntil() to get all previous sibling DOM elements within elements until other element",
              "timedOut": null,
              "duration": 386,
              "state": "passed",
              "speed": "fast",
              "pass": true,
              "fail": false,
              "pending": false,
              "context": null,
              "code": "cy.get('#veggie').prevUntil('#fruits').should('have.length', 5);",
              "err": {},
              "uuid": "67e8eac2-a16e-44d7-b209-92be98bafd3a",
              "parentUUID": "e4fdefc1-9b9a-4061-a123-4134a65bd9e0",
              "isHook": false,
              "skipped": false
            },
            {
              "title": "siblings() To get all sibling DOM elements of elements",
              "fullTitle": "Traversing DOM elements in Cypress siblings() To get all sibling DOM elements of elements",
              "timedOut": null,
              "duration": 334,
              "state": "passed",
              "speed": "fast",
              "pass": true,
              "fail": false,
              "pending": false,
              "context": null,
              "code": "cy.get('.traversal-button-other-states .active').siblings().should('have.length', 3);",
              "err": {},
              "uuid": "4181aab9-79a9-4017-8327-58dc82b1731a",
              "parentUUID": "e4fdefc1-9b9a-4061-a123-4134a65bd9e0",
              "isHook": false,
              "skipped": false
            }
          ],
          "suites": [],
          "passes": [
            "ffc899e6-0c01-4ea9-93ba-65ca63968284",
            "28f3f957-e622-4c11-be8c-37f435a69a72",
            "a5871099-86a7-42bc-a503-988d98243c7b",
            "ff23f272-8d17-405e-98a0-27eb9e09a33f",
            "06f42d31-f041-4c53-908e-c45bbb4a3b48",
            "f8ddfbd3-9fc2-43f4-b21a-f81906887af2",
            "c08668d4-29af-4e74-bf33-15eb6335e3a9",
            "f9f55adf-96bf-4887-8902-56fc63f46dc0",
            "8feb0ec3-558d-433c-a254-55d698d20ae4",
            "44c9b58c-2414-442b-b8c9-85d624ea3a9d",
            "525dbf11-89b1-432d-a5aa-d86326b227ee",
            "22ad241b-27bc-4249-8c75-a88ff222bb14",
            "1e3c2803-8222-4790-af8a-ab01dde1c9ea",
            "71021654-7b3a-4c10-bc78-9b334e5e4d9c",
            "67e8eac2-a16e-44d7-b209-92be98bafd3a",
            "4181aab9-79a9-4017-8327-58dc82b1731a"
          ],
          "failures": [],
          "pending": [],
          "skipped": [],
          "duration": 6610,
          "root": false,
          "rootEmpty": false,
          "_timeout": 2000
        }
      ],
      "passes": [],
      "failures": [],
      "pending": [],
      "skipped": [],
      "duration": 0,
      "root": true,
      "rootEmpty": true,
      "_timeout": 2000
    }
  ],
  "meta": {
    "mocha": {
      "version": "7.0.1"
    },
    "mochawesome": {
      "options": {
        "quiet": false,
        "reportFilename": "mochawesome",
        "saveHtml": false,
        "saveJson": true,
        "consoleReporter": "spec",
        "useInlineDiffs": false,
        "code": true
      },
      "version": "7.1.3"
    },
    "marge": {
      "options": {
        "id": "default",
        "reportDir": "cypress/results/mochawesome",
        "quite": true,
        "overwrite": false,
        "html": false,
        "json": true
      },
      "version": "6.2.0"
    }
  }
}